[
  {
    "Plan": {
      "Node Type": "Limit",
      "Parallel Aware": false,
      "Startup Cost": 288669.47,
      "Total Cost": 288669.5,
      "Plan Rows": 10,
      "Plan Width": 27,
      "Plans": [
        {
          "Node Type": "Sort",
          "Parent Relationship": "Outer",
          "Parallel Aware": false,
          "Startup Cost": 288669.47,
          "Total Cost": 288794.74,
          "Plan Rows": 50108,
          "Plan Width": 27,
          "Sort Key": [
            "(count(DISTINCT orders.o_orderkey)) DESC"
          ],
          "Plans": [
            {
              "Node Type": "Aggregate",
              "Strategy": "Sorted",
              "Partial Mode": "Simple",
              "Parent Relationship": "Outer",
              "Parallel Aware": false,
              "Startup Cost": 271775.1,
              "Total Cost": 287586.65,
              "Plan Rows": 50108,
              "Plan Width": 27,
              "Group Key": [
                "customer.c_name"
              ],
              "Filter": "(count(DISTINCT orders.o_orderkey) >= 20)",
              "Plans": [
                {
                  "Node Type": "Sort",
                  "Parent Relationship": "Outer",
                  "Parallel Aware": false,
                  "Startup Cost": 271775.1,
                  "Total Cost": 275258.23,
                  "Plan Rows": 1393250,
                  "Plan Width": 23,
                  "Sort Key": [
                    "customer.c_name"
                  ],
                  "Plans": [
                    {
                      "Node Type": "Hash Join",
                      "Parent Relationship": "Outer",
                      "Parallel Aware": false,
                      "Join Type": "Inner",
                      "Startup Cost": 7966.29,
                      "Total Cost": 72445.78,
                      "Plan Rows": 1393250,
                      "Plan Width": 23,
                      "Inner Unique": true,
                      "Hash Cond": "(orders.o_custkey = customer.c_custkey)",
                      "Plans": [
                        {
                          "Node Type": "Seq Scan",
                          "Parent Relationship": "Outer",
                          "Parallel Aware": false,
                          "Relation Name": "orders",
                          "Alias": "orders",
                          "Startup Cost": 0,
                          "Total Cost": 46335.11,
                          "Plan Rows": 1393250,
                          "Plan Width": 12,
                          "Filter": "(o_totalprice >= '30000'::numeric)"
                        },
                        {
                          "Node Type": "Hash",
                          "Parent Relationship": "Inner",
                          "Parallel Aware": false,
                          "Startup Cost": 5206.24,
                          "Total Cost": 5206.24,
                          "Plan Rows": 150324,
                          "Plan Width": 23,
                          "Plans": [
                            {
                              "Node Type": "Seq Scan",
                              "Parent Relationship": "Outer",
                              "Parallel Aware": false,
                              "Relation Name": "customer",
                              "Alias": "customer",
                              "Startup Cost": 0,
                              "Total Cost": 5206.24,
                              "Plan Rows": 150324,
                              "Plan Width": 23
                            }
                          ]
                        }
                      ]
                    }
                  ]
                }
              ]
            }
          ]
        }
      ]
    }
  }
]